e:\code\mycombatsimulator\debug\vc140.pdb
e:\code\mycombatsimulator\debug\vc140.idb
e:\code\mycombatsimulator\debug\combatsimulator.nativecodeanalysis.xml
e:\code\mycombatsimulator\debug\inventory.nativecodeanalysis.xml
e:\code\mycombatsimulator\debug\item.nativecodeanalysis.xml
e:\code\mycombatsimulator\debug\itemtable.nativecodeanalysis.xml
e:\code\mycombatsimulator\debug\player.nativecodeanalysis.xml
e:\code\mycombatsimulator\debug\stdafx.nativecodeanalysis.xml
e:\code\mycombatsimulator\debug\stdafx.obj
e:\code\mycombatsimulator\debug\player.obj
e:\code\mycombatsimulator\debug\itemtable.obj
e:\code\mycombatsimulator\debug\item.obj
e:\code\mycombatsimulator\debug\inventory.obj
e:\code\mycombatsimulator\debug\combatsimulator.obj
e:\code\mycombatsimulator\debug\combatsimulator.pdb
e:\code\mycombatsimulator\debug\combatsimulator.tlog\cl.command.1.tlog
e:\code\mycombatsimulator\debug\combatsimulator.tlog\cl.read.1.tlog
e:\code\mycombatsimulator\debug\combatsimulator.tlog\cl.write.1.tlog
e:\code\mycombatsimulator\debug\combatsimulator.tlog\link-cvtres.read.1.tlog
e:\code\mycombatsimulator\debug\combatsimulator.tlog\link-cvtres.write.1.tlog
e:\code\mycombatsimulator\debug\combatsimulator.tlog\link-rc.read.1.tlog
e:\code\mycombatsimulator\debug\combatsimulator.tlog\link-rc.write.1.tlog
e:\code\mycombatsimulator\debug\combatsimulator.tlog\link.command.1.tlog
e:\code\mycombatsimulator\debug\combatsimulator.tlog\link.read.1.tlog
e:\code\mycombatsimulator\debug\combatsimulator.tlog\link.write.1.tlog
